<?xml version="1.0" encoding="UTF-8"?>
<testsuite xmlns:xsi="http://www.w3.org/2001/XMLSchema-instance" xsi:noNamespaceSchemaLocation="https://maven.apache.org/surefire/maven-surefire-plugin/xsd/surefire-test-report.xsd" name="com.example.EstoqueTest" time="0.111" tests="7" errors="0" skipped="0" failures="0">
  <properties>
[...]
</properties>
  <testcase name="testAdicionarProduto" classname="com.example.EstoqueTest" time="0.049"/>
  <testcase name="testRemoverProdutoNaoExistente" classname="com.example.EstoqueTest" time="0.004"/>
  <testcase name="testRemoverProdutoExistente" classname="com.example.EstoqueTest" time="0.003"/>
  <testcase name="testBuscarProdutoExistente" classname="com.example.EstoqueTest" time="0.004"/>
  <testcase name="testListarProdutos" classname="com.example.EstoqueTest" time="0.002"/>
  <testcase name="testBuscarProdutoNaoExistente" classname="com.example.EstoqueTest" time="0.005"/>
  <testcase name="testAdicionarProdutoDuplicado" classname="com.example.EstoqueTest" time="0.002"/>
</testsuite>